
2022/09/25 (20:12:43) | ===> btop++ v.1.2.9
2022/09/25 (20:12:43) | INFO: Logger set to INFO
2022/09/25 (20:12:44) | INFO: Logger set to DEBUG
2022/09/25 (20:12:47) | INFO: Logger set to INFO
2022/09/25 (21:14:59) | INFO: Quitting! Runtime: 01:05:26

2022/09/26 (16:03:44) | ===> btop++ v.1.2.9
2022/09/26 (16:03:44) | INFO: Logger set to INFO
2022/09/26 (16:03:44) | INFO: Running on /dev/pts/0
2022/09/26 (16:10:44) | INFO: Quitting! Runtime: 00:07:00

2022/09/26 (16:36:13) | ===> btop++ v.1.2.9
2022/09/26 (16:36:13) | INFO: Logger set to INFO
2022/09/26 (16:36:13) | INFO: Running on /dev/pts/1
2022/09/26 (16:53:05) | INFO: Quitting! Runtime: 00:16:52

2022/09/26 (17:00:32) | ===> btop++ v.1.2.9
2022/09/26 (17:00:32) | INFO: Logger set to INFO
2022/09/26 (17:00:32) | INFO: Running on /dev/pts/0
2022/09/27 (06:28:39) | INFO: Quitting! Runtime: 13:28:07

2022/09/27 (07:45:39) | ===> btop++ v.1.2.9
2022/09/27 (07:45:39) | INFO: Logger set to INFO
2022/09/27 (07:45:39) | INFO: Running on /dev/pts/0
2022/09/27 (07:45:43) | INFO: Quitting! Runtime: 00:00:04

2022/09/27 (12:54:25) | ===> btop++ v.1.2.9
2022/09/27 (12:54:25) | INFO: Logger set to INFO
2022/09/27 (12:54:25) | INFO: Running on /dev/pts/2
2022/09/27 (12:54:28) | INFO: Quitting! Runtime: 00:00:03

2022/09/27 (14:28:01) | ===> btop++ v.1.2.9
2022/09/27 (14:28:01) | INFO: Logger set to INFO
2022/09/27 (14:28:01) | INFO: Running on /dev/pts/2
2022/09/27 (14:28:09) | INFO: Quitting! Runtime: 00:00:08

2022/09/27 (14:35:21) | ===> btop++ v.1.2.9
2022/09/27 (14:35:21) | INFO: Logger set to INFO
2022/09/27 (14:35:21) | INFO: Running on /dev/pts/1
2022/09/28 (10:34:59) | INFO: Quitting! Runtime: 19:59:38

2022/09/28 (10:37:19) | ===> btop++ v.1.2.9
2022/09/28 (10:37:19) | INFO: Logger set to INFO
2022/09/28 (10:37:19) | INFO: Running on /dev/pts/1
2022/09/28 (10:37:21) | INFO: Quitting! Runtime: 00:00:02

2022/09/28 (16:08:08) | ===> btop++ v.1.2.9
2022/09/28 (16:08:08) | INFO: Logger set to INFO
2022/09/28 (16:08:08) | INFO: Running on /dev/pts/0

2022/09/29 (09:13:36) | ===> btop++ v.1.2.9
2022/09/29 (09:13:36) | INFO: Logger set to INFO
2022/09/29 (09:13:36) | INFO: Running on /dev/pts/1
2022/09/29 (09:13:39) | INFO: Quitting! Runtime: 00:00:03

2022/09/29 (13:30:16) | ===> btop++ v.1.2.9
2022/09/29 (13:30:16) | INFO: Logger set to INFO
2022/09/29 (13:30:16) | INFO: Running on /dev/pts/1
2022/09/29 (13:31:00) | INFO: Quitting! Runtime: 00:00:44

2022/09/29 (13:31:03) | ===> btop++ v.1.2.9
2022/09/29 (13:31:03) | INFO: Logger set to INFO
2022/09/29 (13:31:03) | INFO: Running on /dev/pts/1
2022/09/29 (13:31:20) | INFO: Logger set to DEBUG
2022/09/29 (13:31:20) | INFO: Logger set to INFO
2022/09/29 (13:31:21) | INFO: Logger set to DEBUG
2022/09/29 (13:31:21) | INFO: Logger set to INFO
2022/09/29 (13:31:22) | INFO: Logger set to DEBUG
2022/09/29 (13:31:22) | INFO: Logger set to INFO
2022/09/29 (13:31:24) | INFO: Logger set to INFO
2022/09/29 (13:31:24) | INFO: Logger set to DEBUG
2022/09/29 (13:31:24) | INFO: Logger set to INFO
2022/09/29 (13:31:52) | ERROR: Invalid RGB decimal value: "ba1a84"
2022/09/29 (13:36:17) | INFO: Quitting! Runtime: 00:05:14

2022/09/29 (13:36:19) | ===> btop++ v.1.2.9
2022/09/29 (13:36:19) | INFO: Logger set to INFO
2022/09/29 (13:36:19) | INFO: Running on /dev/pts/1
2022/09/29 (13:36:46) | INFO: Quitting! Runtime: 00:00:27

2022/10/03 (10:22:14) | ===> btop++ v.1.2.9
2022/10/03 (10:22:14) | INFO: Logger set to INFO
2022/10/03 (10:22:14) | INFO: Running on /dev/pts/0
2022/10/03 (10:22:55) | INFO: Quitting! Runtime: 00:00:41

2022/10/03 (14:38:12) | ===> btop++ v.1.2.9
2022/10/03 (14:38:12) | INFO: Logger set to INFO
2022/10/03 (14:38:12) | INFO: Running on /dev/pts/1
2022/10/03 (14:38:37) | INFO: Quitting! Runtime: 00:00:25

2022/10/05 (14:12:54) | ===> btop++ v.1.2.9
2022/10/05 (14:12:54) | INFO: Logger set to INFO
2022/10/05 (14:12:54) | INFO: Running on /dev/pts/1
2022/10/05 (14:12:58) | INFO: Quitting! Runtime: 00:00:04

2022/10/05 (16:29:53) | ===> btop++ v.1.2.9
2022/10/05 (16:29:53) | INFO: Logger set to INFO
2022/10/05 (16:29:53) | INFO: Running on /dev/pts/2
2022/10/05 (16:29:55) | INFO: Quitting! Runtime: 00:00:02

2022/10/05 (16:29:58) | ===> btop++ v.1.2.9
2022/10/05 (16:29:58) | INFO: Logger set to INFO
2022/10/05 (16:29:58) | INFO: Running on /dev/pts/2
2022/10/05 (16:30:08) | INFO: Quitting! Runtime: 00:00:10

2022/10/05 (16:30:59) | ===> btop++ v.1.2.9
2022/10/05 (16:30:59) | INFO: Logger set to INFO
2022/10/05 (16:30:59) | INFO: Running on /dev/pts/2

2022/10/05 (18:14:30) | ===> btop++ v.1.2.9
2022/10/05 (18:14:30) | INFO: Logger set to INFO
2022/10/05 (18:14:30) | INFO: Running on /dev/pts/4

2022/10/06 (13:45:00) | ===> btop++ v.1.2.9
2022/10/06 (13:45:00) | INFO: Logger set to INFO
2022/10/06 (13:45:00) | INFO: Running on /dev/pts/1
2022/10/06 (13:45:02) | INFO: Quitting! Runtime: 00:00:02

2022/10/06 (15:42:50) | ===> btop++ v.1.2.9
2022/10/06 (15:42:50) | INFO: Logger set to INFO
2022/10/06 (15:42:50) | INFO: Running on /dev/pts/3
2022/10/06 (15:42:53) | INFO: Quitting! Runtime: 00:00:03

2022/10/06 (17:16:59) | ===> btop++ v.1.2.9
2022/10/06 (17:16:59) | INFO: Logger set to INFO
2022/10/06 (17:16:59) | INFO: Running on /dev/pts/3
2022/10/06 (18:27:49) | INFO: Quitting! Runtime: 01:10:50

2022/10/07 (12:59:41) | ===> btop++ v.1.2.9
2022/10/07 (12:59:41) | INFO: Logger set to INFO
2022/10/07 (12:59:41) | INFO: Running on /dev/pts/4
2022/10/07 (13:19:41) | INFO: Quitting! Runtime: 00:20:00

2022/10/08 (10:27:18) | ===> btop++ v.1.2.9
2022/10/08 (10:27:18) | INFO: Logger set to INFO
2022/10/08 (10:27:18) | INFO: Running on /dev/pts/2
2022/10/08 (10:36:28) | INFO: Quitting! Runtime: 00:09:10

2022/10/09 (11:10:31) | ===> btop++ v.1.2.9
2022/10/09 (11:10:31) | INFO: Logger set to INFO
2022/10/09 (11:10:31) | INFO: Running on /dev/pts/0
2022/10/10 (09:58:12) | INFO: Quitting! Runtime: 22:47:41

2022/10/10 (09:58:15) | ===> btop++ v.1.2.9
2022/10/10 (09:58:15) | INFO: Logger set to INFO
2022/10/10 (09:58:15) | INFO: Running on /dev/pts/0
2022/10/10 (09:58:16) | INFO: Quitting! Runtime: 00:00:01

2022/10/12 (15:59:44) | ===> btop++ v.1.2.9
2022/10/12 (15:59:44) | INFO: Logger set to INFO
2022/10/12 (15:59:44) | INFO: Running on /dev/pts/5

2022/10/12 (16:26:29) | ===> btop++ v.1.2.9
2022/10/12 (16:26:29) | INFO: Logger set to INFO
2022/10/12 (16:26:29) | INFO: Running on /dev/pts/1
2022/10/12 (16:26:30) | INFO: Quitting! Runtime: 00:00:01

2022/10/12 (19:37:40) | ===> btop++ v.1.2.9
2022/10/12 (19:37:40) | INFO: Logger set to INFO
2022/10/12 (19:37:40) | INFO: Running on /dev/pts/1
2022/10/12 (20:55:44) | INFO: Quitting! Runtime: 01:18:04

2022/10/12 (22:54:31) | ===> btop++ v.1.2.9
2022/10/12 (22:54:31) | INFO: Logger set to INFO
2022/10/12 (22:54:31) | INFO: Running on /dev/pts/6
2022/10/12 (22:54:32) | INFO: Quitting! Runtime: 00:00:01

2022/10/14 (19:03:22) | ===> btop++ v.1.2.9
2022/10/14 (19:03:22) | INFO: Logger set to INFO
2022/10/14 (19:03:22) | INFO: Running on /dev/pts/3
2022/10/14 (19:03:24) | INFO: Quitting! Runtime: 00:00:02

2022/10/15 (16:36:55) | ===> btop++ v.1.2.12
2022/10/15 (16:36:55) | INFO: Logger set to INFO
2022/10/15 (16:36:55) | INFO: Running on /dev/pts/1
2022/10/15 (16:36:56) | INFO: Quitting! Runtime: 00:00:01

2022/10/17 (10:53:35) | ===> btop++ v.1.2.12
2022/10/17 (10:53:35) | INFO: Logger set to INFO
2022/10/17 (10:53:35) | INFO: Running on /dev/pts/3

2022/10/18 (07:27:42) | ===> btop++ v.1.2.12
2022/10/18 (07:27:42) | INFO: Logger set to INFO
2022/10/18 (07:27:42) | INFO: Running on /dev/pts/0
2022/10/18 (07:27:46) | INFO: Quitting! Runtime: 00:00:04

2022/10/18 (07:27:50) | ===> btop++ v.1.2.12
2022/10/18 (07:27:50) | INFO: Logger set to INFO
2022/10/18 (07:27:50) | INFO: Running on /dev/pts/2

2022/10/18 (09:29:15) | ===> btop++ v.1.2.12
2022/10/18 (09:29:15) | INFO: Logger set to INFO
2022/10/18 (09:29:15) | INFO: Running on /dev/pts/2
2022/10/18 (09:29:16) | INFO: Quitting! Runtime: 00:00:01

2022/10/18 (18:19:43) | ===> btop++ v.1.2.12
2022/10/18 (18:19:43) | INFO: Logger set to INFO
2022/10/18 (18:19:43) | INFO: Running on /dev/pts/1
2022/10/18 (18:19:45) | INFO: Quitting! Runtime: 00:00:02

2022/10/18 (20:04:18) | ===> btop++ v.1.2.12
2022/10/18 (20:04:18) | INFO: Logger set to INFO
2022/10/18 (20:04:18) | INFO: Running on /dev/pts/0

2022/10/20 (09:01:14) | ===> btop++ v.1.2.12
2022/10/20 (09:01:14) | INFO: Logger set to INFO
2022/10/20 (09:01:14) | INFO: Running on /dev/pts/1
2022/10/20 (09:01:15) | INFO: Quitting! Runtime: 00:00:01

2022/10/20 (14:23:44) | ===> btop++ v.1.2.12
2022/10/20 (14:23:44) | INFO: Logger set to INFO
2022/10/20 (14:23:44) | INFO: Running on /dev/pts/3
2022/10/20 (14:23:46) | INFO: Quitting! Runtime: 00:00:02

2022/10/20 (15:27:08) | ===> btop++ v.1.2.12
2022/10/20 (15:27:08) | INFO: Logger set to INFO
2022/10/20 (15:27:08) | INFO: Running on /dev/pts/3
2022/10/20 (15:27:11) | INFO: Quitting! Runtime: 00:00:03

2022/10/20 (17:28:00) | ===> btop++ v.1.2.12
2022/10/20 (17:28:00) | INFO: Logger set to INFO
2022/10/20 (17:28:00) | ERROR: No tty detected!
btop++ needs an interactive shell to run.
2022/10/20 (17:28:00) | INFO: Quitting! Runtime: 00:00:00

2022/10/20 (17:28:04) | ===> btop++ v.1.2.12
2022/10/20 (17:28:04) | INFO: Logger set to INFO
2022/10/20 (17:28:04) | INFO: Running on /dev/pts/0
2022/10/20 (17:28:06) | INFO: Quitting! Runtime: 00:00:02

2022/10/20 (17:28:33) | ===> btop++ v.1.2.12
2022/10/20 (17:28:33) | INFO: Logger set to INFO
2022/10/20 (17:28:33) | INFO: Running on /dev/pts/1
2022/10/20 (17:29:03) | INFO: Quitting! Runtime: 00:00:30

2022/10/20 (19:56:52) | ===> btop++ v.1.2.12
2022/10/20 (19:56:52) | INFO: Logger set to INFO
2022/10/20 (19:56:52) | INFO: Running on /dev/pts/0
2022/10/20 (19:56:54) | INFO: Quitting! Runtime: 00:00:02

2022/10/20 (21:43:56) | ===> btop++ v.1.2.12
2022/10/20 (21:43:56) | INFO: Logger set to INFO
2022/10/20 (21:43:56) | INFO: Running on /dev/pts/1
2022/10/20 (21:43:58) | INFO: Quitting! Runtime: 00:00:02

2022/10/21 (06:37:24) | ===> btop++ v.1.2.12
2022/10/21 (06:37:24) | INFO: Logger set to INFO
2022/10/21 (06:37:24) | INFO: Running on /dev/pts/2
2022/10/21 (06:37:27) | INFO: Quitting! Runtime: 00:00:03

2022/10/21 (12:59:58) | ===> btop++ v.1.2.12
2022/10/21 (12:59:58) | INFO: Logger set to INFO
2022/10/21 (12:59:58) | INFO: Running on /dev/pts/2
2022/10/21 (12:59:59) | INFO: Quitting! Runtime: 00:00:01

2022/10/21 (15:09:32) | ===> btop++ v.1.2.12
2022/10/21 (15:09:32) | INFO: Logger set to INFO
2022/10/21 (15:09:32) | INFO: Running on /dev/pts/3
2022/10/21 (15:09:33) | INFO: Quitting! Runtime: 00:00:01

2022/10/21 (15:09:37) | ===> btop++ v.1.2.12
2022/10/21 (15:09:37) | INFO: Logger set to INFO
2022/10/21 (15:09:37) | INFO: Running on /dev/pts/3
2022/10/21 (15:09:40) | INFO: Quitting! Runtime: 00:00:03

2022/10/21 (16:15:14) | ===> btop++ v.1.2.12
2022/10/21 (16:15:14) | INFO: Logger set to INFO
2022/10/21 (16:15:14) | INFO: Running on /dev/pts/3
2022/10/21 (16:15:41) | INFO: Quitting! Runtime: 00:00:27

2022/10/21 (21:27:47) | ===> btop++ v.1.2.12
2022/10/21 (21:27:47) | INFO: Logger set to INFO
2022/10/21 (21:27:47) | INFO: Running on /dev/pts/1
2022/10/21 (21:27:48) | INFO: Quitting! Runtime: 00:00:01

2022/10/21 (21:58:36) | ===> btop++ v.1.2.12
2022/10/21 (21:58:36) | INFO: Logger set to INFO
2022/10/21 (21:58:36) | INFO: Running on /dev/pts/2
2022/10/21 (22:00:58) | INFO: Quitting! Runtime: 00:02:22

2022/10/22 (16:39:41) | ===> btop++ v.1.2.12
2022/10/22 (16:39:41) | INFO: Logger set to INFO
2022/10/22 (16:39:41) | INFO: Running on /dev/pts/0
2022/10/22 (16:39:42) | INFO: Quitting! Runtime: 00:00:01

2022/10/23 (08:09:09) | ===> btop++ v.1.2.12
2022/10/23 (08:09:09) | INFO: Logger set to INFO
2022/10/23 (08:09:09) | INFO: Running on /dev/pts/4
2022/10/23 (08:09:11) | INFO: Quitting! Runtime: 00:00:02

2022/10/23 (12:16:43) | ===> btop++ v.1.2.12
2022/10/23 (12:16:43) | INFO: Logger set to INFO
2022/10/23 (12:16:43) | INFO: Running on /dev/pts/6
2022/10/23 (12:16:51) | INFO: Quitting! Runtime: 00:00:08

2022/10/24 (13:27:38) | ===> btop++ v.1.2.12
2022/10/24 (13:27:38) | INFO: Logger set to INFO
2022/10/24 (13:27:38) | INFO: Running on /dev/pts/4
2022/10/24 (13:27:40) | INFO: Quitting! Runtime: 00:00:02

2022/10/25 (10:01:42) | ===> btop++ v.1.2.12
2022/10/25 (10:01:42) | INFO: Logger set to INFO
2022/10/25 (10:01:42) | INFO: Running on /dev/pts/0
2022/10/25 (10:01:44) | INFO: Quitting! Runtime: 00:00:02

2022/10/25 (13:53:52) | ===> btop++ v.1.2.12
2022/10/25 (13:53:52) | INFO: Logger set to INFO
2022/10/25 (13:53:52) | INFO: Running on /dev/pts/0
2022/10/25 (13:53:53) | INFO: Quitting! Runtime: 00:00:01

2022/10/25 (19:42:10) | ===> btop++ v.1.2.12
2022/10/25 (19:42:10) | INFO: Logger set to INFO
2022/10/25 (19:42:10) | INFO: Running on /dev/pts/0
2022/10/25 (19:42:12) | INFO: Quitting! Runtime: 00:00:02

2022/10/26 (13:54:13) | ===> btop++ v.1.2.12
2022/10/26 (13:54:13) | INFO: Logger set to INFO
2022/10/26 (13:54:13) | INFO: Running on /dev/pts/4
2022/10/26 (13:54:15) | INFO: Quitting! Runtime: 00:00:02

2022/10/26 (14:48:53) | ===> btop++ v.1.2.12
2022/10/26 (14:48:53) | INFO: Logger set to INFO
2022/10/26 (14:48:53) | INFO: Running on /dev/pts/4
2022/10/26 (14:48:55) | INFO: Quitting! Runtime: 00:00:02

2022/10/27 (09:29:16) | ===> btop++ v.1.2.12
2022/10/27 (09:29:16) | INFO: Logger set to INFO
2022/10/27 (09:29:16) | INFO: Running on /dev/pts/0
2022/10/27 (09:29:18) | INFO: Quitting! Runtime: 00:00:02

2022/10/27 (12:47:48) | ===> btop++ v.1.2.12
2022/10/27 (12:47:48) | INFO: Logger set to INFO
2022/10/27 (12:47:48) | INFO: Running on /dev/pts/0
2022/10/27 (12:47:49) | INFO: Quitting! Runtime: 00:00:01

2022/10/27 (19:05:06) | ===> btop++ v.1.2.12
2022/10/27 (19:05:06) | INFO: Logger set to INFO
2022/10/27 (19:05:06) | INFO: Running on /dev/pts/1
2022/10/27 (19:05:08) | INFO: Quitting! Runtime: 00:00:02

2022/10/28 (14:09:58) | ===> btop++ v.1.2.12
2022/10/28 (14:09:58) | INFO: Logger set to INFO
2022/10/28 (14:09:58) | INFO: Running on /dev/pts/0
2022/10/28 (14:09:59) | INFO: Quitting! Runtime: 00:00:01

2022/10/28 (17:04:18) | ===> btop++ v.1.2.12
2022/10/28 (17:04:18) | INFO: Logger set to INFO
2022/10/28 (17:04:18) | INFO: Running on /dev/pts/0
2022/10/28 (17:04:20) | INFO: Quitting! Runtime: 00:00:02

2022/10/28 (17:23:20) | ===> btop++ v.1.2.12
2022/10/28 (17:23:20) | INFO: Logger set to INFO
2022/10/28 (17:23:20) | INFO: Running on /dev/pts/1
2022/10/28 (17:23:44) | INFO: Quitting! Runtime: 00:00:24

2022/10/28 (17:24:05) | ===> btop++ v.1.2.12
2022/10/28 (17:24:05) | INFO: Logger set to INFO
2022/10/28 (17:24:05) | INFO: Running on /dev/pts/1

2022/10/28 (20:54:01) | ===> btop++ v.1.2.12
2022/10/28 (20:54:01) | INFO: Logger set to INFO
2022/10/28 (20:54:01) | INFO: Running on /dev/pts/2
2022/10/28 (20:54:02) | INFO: Quitting! Runtime: 00:00:01

2022/10/28 (21:01:06) | ===> btop++ v.1.2.12
2022/10/28 (21:01:06) | INFO: Logger set to INFO
2022/10/28 (21:01:06) | INFO: Running on /dev/pts/2
2022/10/28 (21:01:09) | INFO: Quitting! Runtime: 00:00:03

2022/10/30 (09:29:00) | ===> btop++ v.1.2.12
2022/10/30 (09:29:00) | INFO: Logger set to INFO
2022/10/30 (09:29:00) | INFO: Running on /dev/pts/0
2022/10/30 (09:29:01) | INFO: Quitting! Runtime: 00:00:01

2022/10/31 (13:20:52) | ===> btop++ v.1.2.12
2022/10/31 (13:20:52) | INFO: Logger set to INFO
2022/10/31 (13:20:52) | INFO: Running on /dev/pts/2
2022/10/31 (13:20:53) | INFO: Quitting! Runtime: 00:00:01

2022/11/01 (14:15:41) | ===> btop++ v.1.2.12
2022/11/01 (14:15:41) | INFO: Logger set to INFO
2022/11/01 (14:15:41) | INFO: Running on /dev/pts/0
2022/11/01 (14:15:43) | INFO: Quitting! Runtime: 00:00:02

2022/11/01 (16:00:24) | ===> btop++ v.1.2.12
2022/11/01 (16:00:24) | INFO: Logger set to INFO
2022/11/01 (16:00:24) | INFO: Running on /dev/pts/0
2022/11/01 (16:00:26) | INFO: Quitting! Runtime: 00:00:02

2022/11/01 (17:22:05) | ===> btop++ v.1.2.12
2022/11/01 (17:22:05) | INFO: Logger set to INFO
2022/11/01 (17:22:05) | INFO: Running on /dev/pts/0

2022/11/01 (21:33:38) | ===> btop++ v.1.2.12
2022/11/01 (21:33:38) | INFO: Logger set to INFO
2022/11/01 (21:33:38) | INFO: Running on /dev/pts/0
2022/11/01 (21:33:40) | INFO: Quitting! Runtime: 00:00:02

2022/11/03 (12:28:45) | ===> btop++ v.1.2.12
2022/11/03 (12:28:45) | INFO: Logger set to INFO
2022/11/03 (12:28:45) | INFO: Running on /dev/pts/2
2022/11/03 (12:28:46) | INFO: Quitting! Runtime: 00:00:01

2022/11/03 (15:27:25) | ===> btop++ v.1.2.12
2022/11/03 (15:27:25) | INFO: Logger set to INFO
2022/11/03 (15:27:25) | INFO: Running on /dev/pts/1

2022/11/03 (16:45:26) | ===> btop++ v.1.2.12
2022/11/03 (16:45:26) | INFO: Logger set to INFO
2022/11/03 (16:45:26) | INFO: Running on /dev/pts/1
2022/11/03 (16:45:27) | INFO: Quitting! Runtime: 00:00:01

2022/11/05 (20:54:55) | ===> btop++ v.1.2.12
2022/11/05 (20:54:55) | INFO: Logger set to INFO
2022/11/05 (20:54:55) | INFO: Running on /dev/pts/1
2022/11/05 (20:54:57) | INFO: Quitting! Runtime: 00:00:02

2022/11/06 (19:57:32) | ===> btop++ v.1.2.12
2022/11/06 (19:57:32) | INFO: Logger set to INFO
2022/11/06 (19:57:32) | INFO: Running on /dev/pts/1
2022/11/06 (19:57:33) | INFO: Quitting! Runtime: 00:00:01

2022/11/06 (20:36:22) | ===> btop++ v.1.2.12
2022/11/06 (20:36:22) | INFO: Logger set to INFO
2022/11/06 (20:36:22) | INFO: Running on /dev/pts/1

2022/11/07 (07:33:50) | ===> btop++ v.1.2.12
2022/11/07 (07:33:50) | INFO: Logger set to INFO
2022/11/07 (07:33:50) | INFO: Running on /dev/pts/2
2022/11/07 (07:33:51) | INFO: Quitting! Runtime: 00:00:01

2022/11/07 (20:28:54) | ===> btop++ v.1.2.12
2022/11/07 (20:28:54) | INFO: Logger set to INFO
2022/11/07 (20:28:54) | INFO: Running on /dev/pts/2
2022/11/07 (20:28:56) | INFO: Quitting! Runtime: 00:00:02
2022/11/08 (09:40:03) | INFO: Quitting! Runtime: 1d 13:03:41

2022/11/08 (09:40:07) | ===> btop++ v.1.2.12
2022/11/08 (09:40:07) | INFO: Logger set to INFO
2022/11/08 (09:40:07) | INFO: Running on /dev/pts/0

2022/11/08 (10:18:25) | ===> btop++ v.1.2.12
2022/11/08 (10:18:25) | INFO: Logger set to INFO
2022/11/08 (10:18:25) | INFO: Running on /dev/pts/4
2022/11/08 (10:18:27) | INFO: Quitting! Runtime: 00:00:02

2022/11/08 (10:28:48) | ===> btop++ v.1.2.12
2022/11/08 (10:28:48) | INFO: Logger set to INFO
2022/11/08 (10:28:48) | INFO: Running on /dev/pts/4
2022/11/08 (10:28:54) | INFO: Quitting! Runtime: 00:00:06

2022/11/08 (10:48:52) | ===> btop++ v.1.2.12
2022/11/08 (10:48:52) | INFO: Logger set to INFO
2022/11/08 (10:48:52) | INFO: Running on /dev/pts/4

2022/11/10 (10:08:39) | ===> btop++ v.1.2.12
2022/11/10 (10:08:39) | INFO: Logger set to INFO
2022/11/10 (10:08:39) | INFO: Running on /dev/pts/3

2022/11/10 (15:16:58) | ===> btop++ v.1.2.12
2022/11/10 (15:16:58) | INFO: Logger set to INFO
2022/11/10 (15:16:58) | INFO: Running on /dev/tty1
2022/11/10 (15:16:58) | INFO: Real tty detected: setting 16 color mode and using tty friendly graph symbols
2022/11/10 (15:17:14) | INFO: Quitting! Runtime: 00:00:16

2022/11/10 (21:21:44) | ===> btop++ v.1.2.12
2022/11/10 (21:21:44) | INFO: Logger set to INFO
2022/11/10 (21:21:44) | INFO: Running on /dev/pts/0
2022/11/10 (21:21:49) | INFO: Quitting! Runtime: 00:00:05

2022/11/11 (13:26:24) | ===> btop++ v.1.2.12
2022/11/11 (13:26:24) | INFO: Logger set to INFO
2022/11/11 (13:26:24) | INFO: Running on /dev/pts/1
2022/11/11 (13:26:25) | INFO: Quitting! Runtime: 00:00:01

2022/11/11 (21:25:31) | ===> btop++ v.1.2.12
2022/11/11 (21:25:31) | INFO: Logger set to INFO
2022/11/11 (21:25:31) | INFO: Running on /dev/pts/1

2022/11/15 (08:29:34) | ===> btop++ v.1.2.12
2022/11/15 (08:29:34) | INFO: Logger set to INFO
2022/11/15 (08:29:34) | INFO: Running on /dev/pts/0

2022/11/20 (22:43:42) | ===> btop++ v.1.2.12
2022/11/20 (22:43:42) | INFO: Logger set to INFO
2022/11/20 (22:43:42) | INFO: Running on /dev/pts/0

2022/11/22 (10:47:09) | ===> btop++ v.1.2.12
2022/11/22 (10:47:09) | INFO: Logger set to INFO
2022/11/22 (10:47:09) | INFO: Running on /dev/pts/0

2022/11/22 (16:53:07) | ===> btop++ v.1.2.12
2022/11/22 (16:53:07) | INFO: Logger set to INFO
2022/11/22 (16:53:07) | INFO: Running on /dev/pts/0

2022/11/22 (17:13:35) | ===> btop++ v.1.2.12
2022/11/22 (17:13:35) | INFO: Logger set to INFO
2022/11/22 (17:13:35) | INFO: Running on /dev/pts/1

2022/11/24 (09:41:23) | ===> btop++ v.1.2.12
2022/11/24 (09:41:23) | INFO: Logger set to INFO
2022/11/24 (09:41:23) | INFO: Running on /dev/pts/1

2022/11/25 (13:10:47) | ===> btop++ v.1.2.13
2022/11/25 (13:10:47) | INFO: Logger set to INFO
2022/11/25 (13:10:47) | INFO: Running on /dev/pts/0

2022/11/25 (20:52:29) | ===> btop++ v.1.2.13
2022/11/25 (20:52:29) | INFO: Logger set to INFO
2022/11/25 (20:52:29) | INFO: Running on /dev/pts/1

2022/11/26 (18:04:50) | ===> btop++ v.1.2.13
2022/11/26 (18:04:50) | INFO: Logger set to INFO
2022/11/26 (18:04:50) | INFO: Running on /dev/pts/2

2022/11/28 (10:52:50) | ===> btop++ v.1.2.13
2022/11/28 (10:52:50) | INFO: Logger set to INFO
2022/11/28 (10:52:50) | INFO: Running on /dev/pts/3

2022/11/29 (13:44:21) | ===> btop++ v.1.2.13
2022/11/29 (13:44:21) | INFO: Logger set to INFO
2022/11/29 (13:44:21) | INFO: Running on /dev/pts/0

2022/11/29 (17:58:18) | ===> btop++ v.1.2.13
2022/11/29 (17:58:18) | INFO: Logger set to INFO
2022/11/29 (17:58:18) | INFO: Running on /dev/pts/0

2022/11/30 (14:38:13) | ===> btop++ v.1.2.13
2022/11/30 (14:38:13) | INFO: Logger set to INFO
2022/11/30 (14:38:13) | INFO: Running on /dev/pts/0

2022/12/02 (14:25:33) | ===> btop++ v.1.2.13
2022/12/02 (14:25:33) | INFO: Logger set to INFO
2022/12/02 (14:25:33) | INFO: Running on /dev/pts/1

2022/12/06 (22:06:17) | ===> btop++ v.1.2.13
2022/12/06 (22:06:17) | INFO: Logger set to INFO
2022/12/06 (22:06:17) | INFO: Running on /dev/pts/0

2022/12/11 (20:44:42) | ===> btop++ v.1.2.13
2022/12/11 (20:44:42) | INFO: Logger set to INFO
2022/12/11 (20:44:42) | INFO: Running on /dev/pts/1

2022/12/12 (12:34:26) | ===> btop++ v.1.2.13
2022/12/12 (12:34:26) | INFO: Logger set to INFO
2022/12/12 (12:34:26) | INFO: Running on /dev/pts/0

2022/12/13 (10:30:50) | ===> btop++ v.1.2.13
2022/12/13 (10:30:50) | INFO: Logger set to INFO
2022/12/13 (10:30:50) | INFO: Running on /dev/pts/0
2022/12/13 (10:30:52) | INFO: Quitting! Runtime: 00:00:02

2022/12/13 (16:58:28) | ===> btop++ v.1.2.13
2022/12/13 (16:58:28) | INFO: Logger set to INFO
2022/12/13 (16:58:28) | INFO: Running on /dev/pts/1

2022/12/14 (19:38:08) | ===> btop++ v.1.2.13
2022/12/14 (19:38:08) | INFO: Logger set to INFO
2022/12/14 (19:38:08) | INFO: Running on /dev/pts/1

2022/12/18 (08:59:37) | ===> btop++ v.1.2.13
2022/12/18 (08:59:37) | INFO: Logger set to INFO
2022/12/18 (08:59:37) | INFO: Running on /dev/pts/1
2022/12/18 (08:59:39) | INFO: Quitting! Runtime: 00:00:02

2022/12/18 (17:38:06) | ===> btop++ v.1.2.13
2022/12/18 (17:38:06) | INFO: Logger set to INFO
2022/12/18 (17:38:06) | INFO: Running on /dev/pts/1

2022/12/21 (10:45:28) | ===> btop++ v.1.2.13
2022/12/21 (10:45:28) | INFO: Logger set to INFO
2022/12/21 (10:45:28) | INFO: Running on /dev/pts/0

2022/12/21 (13:25:49) | ===> btop++ v.1.2.13
2022/12/21 (13:25:49) | INFO: Logger set to INFO
2022/12/21 (13:25:49) | INFO: Running on /dev/pts/1

2022/12/21 (13:42:27) | ===> btop++ v.1.2.13
2022/12/21 (13:42:27) | INFO: Logger set to INFO
2022/12/21 (13:42:27) | INFO: Running on /dev/pts/1

2022/12/21 (13:52:13) | ===> btop++ v.1.2.13
2022/12/21 (13:52:13) | INFO: Logger set to INFO
2022/12/21 (13:52:13) | INFO: Running on /dev/pts/1

2022/12/26 (13:39:55) | ===> btop++ v.1.2.13
2022/12/26 (13:39:55) | INFO: Logger set to INFO
2022/12/26 (13:39:55) | INFO: Running on /dev/pts/0

2022/12/27 (17:09:44) | ===> btop++ v.1.2.13
2022/12/27 (17:09:44) | INFO: Logger set to INFO
2022/12/27 (17:09:44) | INFO: Running on /dev/pts/0

2022/12/29 (16:58:07) | ===> btop++ v.1.2.13
2022/12/29 (16:58:07) | INFO: Logger set to INFO
2022/12/29 (16:58:07) | INFO: Running on /dev/pts/0

2023/01/01 (16:51:01) | ===> btop++ v.1.2.13
2023/01/01 (16:51:01) | INFO: Logger set to INFO
2023/01/01 (16:51:01) | INFO: Running on /dev/pts/0

2023/01/02 (22:12:25) | ===> btop++ v.1.2.13
2023/01/02 (22:12:25) | INFO: Logger set to INFO
2023/01/02 (22:12:25) | INFO: Running on /dev/pts/0

2023/01/03 (13:52:50) | ===> btop++ v.1.2.13
2023/01/03 (13:52:50) | INFO: Logger set to INFO
2023/01/03 (13:52:50) | INFO: Running on /dev/pts/2

2023/01/04 (13:52:33) | ===> btop++ v.1.2.13
2023/01/04 (13:52:33) | INFO: Logger set to INFO
2023/01/04 (13:52:33) | INFO: Running on /dev/pts/1

2023/01/04 (16:51:04) | ===> btop++ v.1.2.13
2023/01/04 (16:51:04) | INFO: Logger set to INFO
2023/01/04 (16:51:04) | INFO: Running on /dev/pts/2

2023/01/05 (15:26:15) | ===> btop++ v.1.2.13
2023/01/05 (15:26:15) | INFO: Logger set to INFO
2023/01/05 (15:26:15) | INFO: Running on /dev/pts/0

2023/01/06 (11:16:06) | ===> btop++ v.1.2.13
2023/01/06 (11:16:06) | INFO: Logger set to INFO
2023/01/06 (11:16:06) | INFO: Running on /dev/pts/1

2023/01/06 (14:21:37) | ===> btop++ v.1.2.13
2023/01/06 (14:21:37) | INFO: Logger set to INFO
2023/01/06 (14:21:37) | INFO: Running on /dev/tty1
2023/01/06 (14:21:37) | INFO: Real tty detected: setting 16 color mode and using tty friendly graph symbols
2023/01/06 (14:21:38) | INFO: Quitting! Runtime: 00:00:01

2023/01/06 (17:22:39) | ===> btop++ v.1.2.13
2023/01/06 (17:22:39) | INFO: Logger set to INFO
2023/01/06 (17:22:39) | INFO: Running on /dev/pts/1

2023/01/08 (15:33:10) | ===> btop++ v.1.2.13
2023/01/08 (15:33:10) | INFO: Logger set to INFO
2023/01/08 (15:33:10) | INFO: Running on /dev/pts/0

2023/01/09 (13:50:10) | ===> btop++ v.1.2.13
2023/01/09 (13:50:10) | INFO: Logger set to INFO
2023/01/09 (13:50:10) | INFO: Running on /dev/pts/0

2023/01/20 (18:30:55) | ===> btop++ v.1.2.13
2023/01/20 (18:30:55) | INFO: Logger set to INFO
2023/01/20 (18:30:55) | INFO: Running on /dev/pts/3

2023/01/21 (20:54:06) | ===> btop++ v.1.2.13
2023/01/21 (20:54:06) | INFO: Logger set to INFO
2023/01/21 (20:54:06) | INFO: Running on /dev/pts/2

2023/01/24 (17:18:52) | ===> btop++ v.1.2.13
2023/01/24 (17:18:52) | INFO: Logger set to INFO
2023/01/24 (17:18:52) | INFO: Running on /dev/pts/1

2023/01/27 (13:15:22) | ===> btop++ v.1.2.13
2023/01/27 (13:15:22) | INFO: Logger set to INFO
2023/01/27 (13:15:22) | INFO: Running on /dev/pts/3

2023/01/28 (10:02:05) | ===> btop++ v.1.2.13
2023/01/28 (10:02:05) | INFO: Logger set to INFO
2023/01/28 (10:02:05) | INFO: Running on /dev/pts/1

2023/01/28 (16:56:00) | ===> btop++ v.1.2.13
2023/01/28 (16:56:00) | INFO: Logger set to INFO
2023/01/28 (16:56:00) | INFO: Running on /dev/pts/0

2023/01/30 (15:00:59) | ===> btop++ v.1.2.13
2023/01/30 (15:00:59) | INFO: Logger set to INFO
2023/01/30 (15:00:59) | INFO: Running on /dev/pts/0

2023/01/30 (15:56:31) | ===> btop++ v.1.2.13
2023/01/30 (15:56:31) | INFO: Logger set to INFO
2023/01/30 (15:56:31) | INFO: Running on /dev/pts/0

2023/01/31 (16:04:20) | ===> btop++ v.1.2.13
2023/01/31 (16:04:20) | INFO: Logger set to INFO
2023/01/31 (16:04:20) | INFO: Running on /dev/pts/2

2023/02/01 (19:35:17) | ===> btop++ v.1.2.13
2023/02/01 (19:35:17) | INFO: Logger set to INFO
2023/02/01 (19:35:17) | INFO: Running on /dev/pts/1
2023/02/01 (19:40:54) | INFO: Quitting! Runtime: 00:05:37

2023/02/01 (20:05:55) | ===> btop++ v.1.2.13
2023/02/01 (20:05:55) | INFO: Logger set to INFO
2023/02/01 (20:05:55) | INFO: Running on /dev/pts/0
2023/02/03 (12:51:03) | INFO: Quitting! Runtime: 1d 16:45:08

2023/02/03 (18:18:27) | ===> btop++ v.1.2.13
2023/02/03 (18:18:27) | INFO: Logger set to INFO
2023/02/03 (18:18:27) | INFO: Running on /dev/pts/2

2023/02/04 (11:05:23) | ===> btop++ v.1.2.13
2023/02/04 (11:05:23) | INFO: Logger set to INFO
2023/02/04 (11:05:23) | INFO: Running on /dev/pts/6
2023/02/04 (11:06:07) | INFO: Quitting! Runtime: 00:00:44

2023/02/05 (14:16:42) | ===> btop++ v.1.2.13
2023/02/05 (14:16:42) | INFO: Logger set to INFO
2023/02/05 (14:16:42) | INFO: Running on /dev/pts/1

2023/02/05 (14:37:45) | ===> btop++ v.1.2.13
2023/02/05 (14:37:45) | INFO: Logger set to INFO
2023/02/05 (14:37:45) | INFO: Running on /dev/pts/4

2023/02/05 (14:59:21) | ===> btop++ v.1.2.13
2023/02/05 (14:59:21) | INFO: Logger set to INFO
2023/02/05 (14:59:21) | INFO: Running on /dev/pts/2

2023/02/06 (23:18:04) | ===> btop++ v.1.2.13
2023/02/06 (23:18:04) | INFO: Logger set to INFO
2023/02/06 (23:18:04) | INFO: Running on /dev/pts/0

2023/02/07 (14:20:26) | ===> btop++ v.1.2.13
2023/02/07 (14:20:26) | INFO: Logger set to INFO
2023/02/07 (14:20:26) | INFO: Running on /dev/pts/1
2023/02/07 (14:20:27) | INFO: Quitting! Runtime: 00:00:01

2023/02/07 (14:53:55) | ===> btop++ v.1.2.13
2023/02/07 (14:53:55) | INFO: Logger set to INFO
2023/02/07 (14:53:55) | INFO: Running on /dev/pts/1
2023/02/07 (17:45:30) | INFO: Quitting! Runtime: 02:51:35

2023/02/07 (18:02:06) | ===> btop++ v.1.2.13
2023/02/07 (18:02:06) | INFO: Logger set to INFO
2023/02/07 (18:02:06) | INFO: Running on /dev/pts/3

2023/02/07 (18:03:26) | ===> btop++ v.1.2.13
2023/02/07 (18:03:26) | INFO: Logger set to INFO
2023/02/07 (18:03:26) | INFO: Running on /dev/pts/13
2023/02/07 (21:32:57) | INFO: Quitting! Runtime: 03:30:51

2023/02/08 (10:46:15) | ===> btop++ v.1.2.13
2023/02/08 (10:46:15) | INFO: Logger set to INFO
2023/02/08 (10:46:15) | INFO: Running on /dev/pts/2

2023/02/08 (18:49:51) | ===> btop++ v.1.2.13
2023/02/08 (18:49:51) | INFO: Logger set to INFO
2023/02/08 (18:49:51) | INFO: Running on /dev/pts/0
2023/02/08 (18:49:54) | INFO: Quitting! Runtime: 00:00:03

2023/02/08 (21:12:09) | ===> btop++ v.1.2.13
2023/02/08 (21:12:09) | INFO: Logger set to INFO
2023/02/08 (21:12:09) | INFO: Running on /dev/pts/0

2023/02/10 (18:15:29) | ===> btop++ v.1.2.13
2023/02/10 (18:15:29) | INFO: Logger set to INFO
2023/02/10 (18:15:29) | INFO: Running on /dev/pts/4

2023/02/11 (00:33:24) | ===> btop++ v.1.2.13
2023/02/11 (00:33:24) | INFO: Logger set to INFO
2023/02/11 (00:33:24) | INFO: Running on /dev/pts/5

2023/02/11 (00:36:22) | ===> btop++ v.1.2.13
2023/02/11 (00:36:22) | INFO: Logger set to INFO
2023/02/11 (00:36:22) | INFO: Running on /dev/pts/5
2023/02/11 (00:36:28) | INFO: Quitting! Runtime: 00:00:06

2023/02/11 (00:37:11) | ===> btop++ v.1.2.13
2023/02/11 (00:37:11) | INFO: Logger set to INFO
2023/02/11 (00:37:11) | INFO: Running on /dev/pts/0

2023/02/11 (01:21:52) | ===> btop++ v.1.2.13
2023/02/11 (01:21:52) | INFO: Logger set to INFO
2023/02/11 (01:21:52) | INFO: Running on /dev/pts/5

2023/02/11 (02:16:07) | ===> btop++ v.1.2.13
2023/02/11 (02:16:07) | INFO: Logger set to INFO
2023/02/11 (02:16:07) | INFO: Running on /dev/pts/5
2023/02/11 (09:56:16) | INFO: Quitting! Runtime: 09:19:05

2023/02/11 (09:58:08) | ===> btop++ v.1.2.13
2023/02/11 (09:58:08) | INFO: Logger set to INFO
2023/02/11 (09:58:08) | INFO: Running on /dev/pts/3

2023/02/15 (21:42:04) | ===> btop++ v.1.2.13
2023/02/15 (21:42:04) | INFO: Logger set to INFO
2023/02/15 (21:42:04) | INFO: Running on /dev/pts/2
2023/02/15 (21:42:15) | INFO: Quitting! Runtime: 00:00:11

2023/02/15 (23:02:28) | ===> btop++ v.1.2.13
2023/02/15 (23:02:28) | INFO: Logger set to INFO
2023/02/15 (23:02:28) | INFO: Running on /dev/pts/2

2023/02/17 (19:33:44) | ===> btop++ v.1.2.13
2023/02/17 (19:33:44) | INFO: Logger set to INFO
2023/02/17 (19:33:44) | INFO: Running on /dev/pts/2

2023/02/19 (02:08:37) | ===> btop++ v.1.2.13
2023/02/19 (02:08:37) | INFO: Logger set to INFO
2023/02/19 (02:08:37) | INFO: Running on /dev/pts/2
2023/02/19 (02:09:11) | INFO: Quitting! Runtime: 00:00:34

2023/02/19 (16:46:33) | ===> btop++ v.1.2.13
2023/02/19 (16:46:33) | INFO: Logger set to INFO
2023/02/19 (16:46:33) | INFO: Running on /dev/pts/4

2023/02/20 (22:30:08) | ===> btop++ v.1.2.13
2023/02/20 (22:30:08) | INFO: Logger set to INFO
2023/02/20 (22:30:08) | INFO: Running on /dev/pts/0

2023/02/25 (14:34:17) | ===> btop++ v.1.2.13
2023/02/25 (14:34:17) | INFO: Logger set to INFO
2023/02/25 (14:34:17) | INFO: Running on /dev/pts/1

2023/02/27 (10:25:39) | ===> btop++ v.1.2.13
2023/02/27 (10:25:39) | INFO: Logger set to INFO
2023/02/27 (10:25:39) | INFO: Running on /dev/pts/0

2023/03/01 (14:09:34) | ===> btop++ v.1.2.13
2023/03/01 (14:09:34) | INFO: Logger set to INFO
2023/03/01 (14:09:34) | INFO: Running on /dev/pts/1
2023/03/01 (14:09:36) | INFO: Quitting! Runtime: 00:00:02

2023/03/01 (14:11:43) | ===> btop++ v.1.2.13
2023/03/01 (14:11:43) | INFO: Logger set to INFO
2023/03/01 (14:11:43) | INFO: Running on /dev/tty2
2023/03/01 (14:11:43) | INFO: Real tty detected: setting 16 color mode and using tty friendly graph symbols
2023/03/01 (14:11:46) | INFO: Quitting! Runtime: 00:00:03

2023/03/01 (14:50:27) | ===> btop++ v.1.2.13
2023/03/01 (14:50:27) | INFO: Logger set to INFO
2023/03/01 (14:50:27) | INFO: Running on /dev/pts/2
2023/03/01 (14:56:47) | INFO: Quitting! Runtime: 00:06:20

2023/03/01 (14:56:56) | ===> btop++ v.1.2.13
2023/03/01 (14:56:56) | INFO: Logger set to INFO
2023/03/01 (14:56:56) | INFO: Running on /dev/pts/2

2023/03/02 (12:17:03) | ===> btop++ v.1.2.13
2023/03/02 (12:17:03) | INFO: Logger set to INFO
2023/03/02 (12:17:03) | INFO: Running on /dev/pts/3

2023/03/05 (14:48:25) | ===> btop++ v.1.2.13
2023/03/05 (14:48:25) | INFO: Logger set to INFO
2023/03/05 (14:48:25) | INFO: Running on /dev/pts/1

2023/03/06 (21:58:20) | ===> btop++ v.1.2.13
2023/03/06 (21:58:20) | INFO: Logger set to INFO
2023/03/06 (21:58:20) | INFO: Running on /dev/pts/1

2023/03/07 (14:13:06) | ===> btop++ v.1.2.13
2023/03/07 (14:13:06) | INFO: Logger set to INFO
2023/03/07 (14:13:06) | INFO: Running on /dev/pts/1
2023/03/07 (14:13:30) | INFO: Quitting! Runtime: 00:00:24

2023/03/07 (14:44:58) | ===> btop++ v.1.2.13
2023/03/07 (14:44:58) | INFO: Logger set to INFO
2023/03/07 (14:44:58) | INFO: Running on /dev/pts/1

2023/03/09 (14:19:42) | ===> btop++ v.1.2.13
2023/03/09 (14:19:42) | INFO: Logger set to INFO
2023/03/09 (14:19:42) | INFO: Running on /dev/pts/1

2023/03/09 (19:36:12) | ===> btop++ v.1.2.13
2023/03/09 (19:36:12) | INFO: Logger set to INFO
2023/03/09 (19:36:12) | INFO: Running on /dev/pts/2

2023/03/09 (19:37:40) | ===> btop++ v.1.2.13
2023/03/09 (19:37:40) | INFO: Logger set to INFO
2023/03/09 (19:37:40) | INFO: Running on /dev/pts/2
2023/03/09 (19:37:58) | INFO: Quitting! Runtime: 00:00:18

2023/03/09 (19:38:11) | ===> btop++ v.1.2.13
2023/03/09 (19:38:11) | INFO: Logger set to INFO
2023/03/09 (19:38:11) | INFO: Running on /dev/pts/2

2023/03/10 (23:21:44) | ===> btop++ v.1.2.13
2023/03/10 (23:21:44) | INFO: Logger set to INFO
2023/03/10 (23:21:44) | INFO: Running on /dev/pts/2

2023/03/20 (11:21:22) | ===> btop++ v.1.2.13
2023/03/20 (11:21:22) | INFO: Logger set to INFO
2023/03/20 (11:21:22) | INFO: Running on /dev/pts/3
2023/03/20 (11:21:38) | INFO: Quitting! Runtime: 00:00:16

2023/03/20 (14:21:02) | ===> btop++ v.1.2.13
2023/03/20 (14:21:02) | INFO: Logger set to INFO
2023/03/20 (14:21:02) | INFO: Running on /dev/pts/2
2023/03/20 (14:21:48) | INFO: Quitting! Runtime: 00:00:46

2023/03/21 (13:38:50) | ===> btop++ v.1.2.13
2023/03/21 (13:38:50) | INFO: Logger set to INFO
2023/03/21 (13:38:50) | INFO: Running on /dev/pts/1
2023/03/21 (13:38:56) | INFO: Quitting! Runtime: 00:00:06

2023/03/24 (11:53:55) | ===> btop++ v.1.2.13
2023/03/24 (11:53:55) | INFO: Logger set to INFO
2023/03/24 (11:53:55) | INFO: Running on /dev/pts/4
2023/03/24 (11:54:18) | INFO: Quitting! Runtime: 00:00:23

2023/03/30 (12:36:51) | ===> btop++ v.1.2.13
2023/03/30 (12:36:51) | INFO: Logger set to INFO
2023/03/30 (12:36:51) | INFO: Running on /dev/pts/4

2023/04/02 (19:28:19) | ===> btop++ v.1.2.13
2023/04/02 (19:28:19) | INFO: Logger set to INFO
2023/04/02 (19:28:19) | INFO: Running on /dev/pts/0

2023/04/02 (23:06:28) | ===> btop++ v.1.2.13
2023/04/02 (23:06:28) | INFO: Logger set to INFO
2023/04/02 (23:06:28) | INFO: Running on /dev/pts/3
2023/04/02 (23:11:57) | INFO: Quitting! Runtime: 00:05:29

2023/04/03 (13:29:46) | ===> btop++ v.1.2.13
2023/04/03 (13:29:46) | INFO: Logger set to INFO
2023/04/03 (13:29:46) | INFO: Running on /dev/pts/0
2023/04/03 (13:30:29) | INFO: Quitting! Runtime: 00:00:43

2023/04/12 (14:19:15) | ===> btop++ v.1.2.13
2023/04/12 (14:19:15) | INFO: Logger set to INFO
2023/04/12 (14:19:15) | INFO: Running on /dev/pts/5
2023/04/12 (14:19:24) | INFO: Quitting! Runtime: 00:00:09

2023/04/13 (23:16:08) | ===> btop++ v.1.2.13
2023/04/13 (23:16:08) | INFO: Logger set to INFO
2023/04/13 (23:16:08) | INFO: Running on /dev/pts/2
2023/04/14 (00:01:55) | INFO: Quitting! Runtime: 00:45:47

2023/04/15 (18:14:31) | ===> btop++ v.1.2.13
2023/04/15 (18:14:31) | INFO: Logger set to INFO
2023/04/15 (18:14:31) | INFO: Running on /dev/pts/3

2023/04/15 (18:14:39) | ===> btop++ v.1.2.13
2023/04/15 (18:14:39) | INFO: Logger set to INFO
2023/04/15 (18:14:39) | INFO: Running on /dev/pts/3

2023/04/26 (13:35:38) | ===> btop++ v.1.2.13
2023/04/26 (13:35:38) | INFO: Logger set to INFO
2023/04/26 (13:35:38) | INFO: Running on /dev/pts/0
2023/04/26 (13:35:43) | INFO: Quitting! Runtime: 00:00:05

2023/04/30 (22:49:29) | ===> btop++ v.1.2.13
2023/04/30 (22:49:29) | INFO: Logger set to INFO
2023/04/30 (22:49:29) | INFO: Running on /dev/pts/0

2023/05/10 (17:56:45) | ===> btop++ v.1.2.13
2023/05/10 (17:56:45) | INFO: Logger set to INFO
2023/05/10 (17:56:45) | INFO: Running on /dev/pts/2

2023/05/10 (18:54:35) | ===> btop++ v.1.2.13
2023/05/10 (18:54:35) | INFO: Logger set to INFO
2023/05/10 (18:54:35) | INFO: Running on /dev/pts/4

2023/06/04 (01:42:57) | ===> btop++ v.1.2.13
2023/06/04 (01:42:57) | INFO: Logger set to INFO
2023/06/04 (01:42:57) | INFO: Running on /dev/pts/1

2023/06/06 (22:14:01) | ===> btop++ v.1.2.13
2023/06/06 (22:14:01) | INFO: Logger set to INFO
2023/06/06 (22:14:01) | INFO: Running on /dev/pts/3
2023/06/06 (22:14:23) | INFO: Quitting! Runtime: 00:00:22

2023/06/10 (16:50:25) | ===> btop++ v.1.2.13
2023/06/10 (16:50:25) | INFO: Logger set to INFO
2023/06/10 (16:50:25) | INFO: Running on /dev/pts/0

2023/06/10 (19:55:50) | ===> btop++ v.1.2.13
2023/06/10 (19:55:50) | INFO: Logger set to INFO
2023/06/10 (19:55:50) | INFO: Running on /dev/pts/1

2023/06/11 (00:23:19) | ===> btop++ v.1.2.13
2023/06/11 (00:23:19) | INFO: Logger set to INFO
2023/06/11 (00:23:19) | INFO: Running on /dev/pts/1

2023/06/11 (23:29:56) | ===> btop++ v.1.2.13
2023/06/11 (23:29:56) | INFO: Logger set to INFO
2023/06/11 (23:29:56) | INFO: Running on /dev/pts/1

2023/06/12 (19:32:47) | ===> btop++ v.1.2.13
2023/06/12 (19:32:47) | INFO: Logger set to INFO
2023/06/12 (19:32:47) | INFO: Running on /dev/pts/1
2023/06/12 (19:32:49) | INFO: Quitting! Runtime: 00:00:02

2023/06/16 (23:23:25) | ===> btop++ v.1.2.13
2023/06/16 (23:23:25) | INFO: Logger set to INFO
2023/06/16 (23:23:25) | INFO: Running on /dev/pts/0
2023/06/16 (23:25:09) | INFO: Quitting! Runtime: 00:01:44

2023/06/17 (10:09:16) | ===> btop++ v.1.2.13
2023/06/17 (10:09:16) | INFO: Logger set to INFO
2023/06/17 (10:09:16) | INFO: Running on /dev/pts/0
2023/06/17 (10:09:36) | INFO: Quitting! Runtime: 00:00:20

2023/06/18 (21:50:59) | ===> btop++ v.1.2.13
2023/06/18 (21:50:59) | INFO: Logger set to INFO
2023/06/18 (21:50:59) | INFO: Running on /dev/pts/5

2023/06/18 (23:18:28) | ===> btop++ v.1.2.13
2023/06/18 (23:18:28) | INFO: Logger set to INFO
2023/06/18 (23:18:28) | INFO: Running on /dev/pts/6

2023/07/03 (21:19:26) | ===> btop++ v.1.2.13
2023/07/03 (21:19:26) | INFO: Logger set to INFO
2023/07/03 (21:19:26) | INFO: Running on /dev/pts/0

2023/07/04 (16:38:09) | ===> btop++ v.1.2.13
2023/07/04 (16:38:09) | INFO: Logger set to INFO
2023/07/04 (16:38:09) | INFO: Running on /dev/pts/4

2023/07/04 (17:21:52) | ===> btop++ v.1.2.13
2023/07/04 (17:21:52) | INFO: Logger set to INFO
2023/07/04 (17:21:52) | INFO: Running on /dev/pts/1

2023/07/05 (11:07:53) | ===> btop++ v.1.2.13
2023/07/05 (11:07:53) | INFO: Logger set to INFO
2023/07/05 (11:07:53) | INFO: Running on /dev/pts/4
2023/07/05 (13:44:32) | INFO: Quitting! Runtime: 20:22:40

2023/07/06 (11:17:52) | ===> btop++ v.1.2.13
2023/07/06 (11:17:52) | INFO: Logger set to INFO
2023/07/06 (11:17:52) | INFO: Running on /dev/pts/1

2023/07/11 (11:18:14) | ===> btop++ v.1.2.13
2023/07/11 (11:18:14) | INFO: Logger set to INFO
2023/07/11 (11:18:14) | INFO: Running on /dev/pts/2

2023/07/13 (17:36:01) | ===> btop++ v.1.2.13
2023/07/13 (17:36:01) | INFO: Logger set to INFO
2023/07/13 (17:36:01) | INFO: Running on /dev/pts/1

2023/07/17 (22:58:13) | ===> btop++ v.1.2.13
2023/07/17 (22:58:13) | INFO: Logger set to INFO
2023/07/17 (22:58:13) | INFO: Running on /dev/pts/0

2023/07/17 (23:00:04) | ===> btop++ v.1.2.13
2023/07/17 (23:00:04) | INFO: Logger set to INFO
2023/07/17 (23:00:04) | INFO: Running on /dev/pts/0

2023/07/18 (09:48:01) | ===> btop++ v.1.2.13
2023/07/18 (09:48:01) | INFO: Logger set to INFO
2023/07/18 (09:48:01) | INFO: Running on /dev/pts/1

2023/07/19 (10:10:13) | ===> btop++ v.1.2.13
2023/07/19 (10:10:13) | INFO: Logger set to INFO
2023/07/19 (10:10:13) | INFO: Running on /dev/pts/2

2023/07/19 (13:43:21) | ===> btop++ v.1.2.13
2023/07/19 (13:43:21) | INFO: Logger set to INFO
2023/07/19 (13:43:21) | INFO: Running on /dev/pts/3
2023/07/19 (13:43:23) | INFO: Quitting! Runtime: 00:00:02

2023/07/19 (14:20:43) | ===> btop++ v.1.2.13
2023/07/19 (14:20:43) | INFO: Logger set to INFO
2023/07/19 (14:20:43) | INFO: Running on /dev/pts/3
2023/07/19 (14:24:34) | INFO: Quitting! Runtime: 00:03:51

2023/07/19 (22:29:14) | ===> btop++ v.1.2.13
2023/07/19 (22:29:14) | INFO: Logger set to INFO
2023/07/19 (22:29:14) | INFO: Running on /dev/pts/0
2023/07/19 (23:02:54) | INFO: Quitting! Runtime: 00:33:40

2023/07/19 (23:04:14) | ===> btop++ v.1.2.13
2023/07/19 (23:04:14) | INFO: Logger set to INFO
2023/07/19 (23:04:14) | INFO: Running on /dev/pts/0
2023/07/19 (23:15:48) | INFO: Quitting! Runtime: 00:11:34

2023/07/20 (23:38:29) | ===> btop++ v.1.2.13
2023/07/20 (23:38:29) | INFO: Logger set to INFO
2023/07/20 (23:38:29) | INFO: Running on /dev/pts/3
2023/07/20 (23:38:46) | INFO: Quitting! Runtime: 00:00:17

2023/07/21 (13:35:13) | ===> btop++ v.1.2.13
2023/07/21 (13:35:13) | INFO: Logger set to INFO
2023/07/21 (13:35:13) | INFO: Running on /dev/pts/2

2023/07/22 (22:55:09) | ===> btop++ v.1.2.13
2023/07/22 (22:55:09) | INFO: Logger set to INFO
2023/07/22 (22:55:09) | INFO: Running on /dev/pts/0

2023/07/23 (19:49:39) | ===> btop++ v.1.2.13
2023/07/23 (19:49:39) | INFO: Logger set to INFO
2023/07/23 (19:49:39) | INFO: Running on /dev/pts/4

2023/07/25 (12:04:50) | ===> btop++ v.1.2.13
2023/07/25 (12:04:50) | INFO: Logger set to INFO
2023/07/25 (12:04:50) | INFO: Running on /dev/pts/0

2023/07/29 (15:09:27) | ===> btop++ v.1.2.13
2023/07/29 (15:09:27) | INFO: Logger set to INFO
2023/07/29 (15:09:27) | INFO: Running on /dev/pts/1

2023/08/04 (16:39:36) | ===> btop++ v.1.2.13
2023/08/04 (16:39:36) | INFO: Logger set to INFO
2023/08/04 (16:39:36) | INFO: Running on /dev/pts/3

2023/08/12 (21:09:54) | ===> btop++ v.1.2.13
2023/08/12 (21:09:54) | INFO: Logger set to INFO
2023/08/12 (21:09:54) | INFO: Running on /dev/pts/2

2023/08/14 (13:59:45) | ===> btop++ v.1.2.13
2023/08/14 (13:59:45) | INFO: Logger set to INFO
2023/08/14 (13:59:45) | INFO: Running on /dev/pts/4

2023/08/14 (18:09:58) | ===> btop++ v.1.2.13
2023/08/14 (18:09:58) | INFO: Logger set to INFO
2023/08/14 (18:09:58) | INFO: Running on /dev/pts/1
